


ARM Macro Assembler    Page 1 


    1 00000000                 PRESERVE8
    2 00000000                 THUMB
    3 00000000                 AREA             |.text|,CODE,READONLY
    4 00000000                 EXPORT           __main
    5 00000000         
    6 00000000         __main
    7 00000000         
    8 00000000 4A02            ldr              r2,=0x00000000
    9 00000002 1110            asrs             r0,r2,#04
   10 00000004 4A02            ldr              r2,=0x80000000
   11 00000006 1111            asrs             r1,r2,#04
   12 00000008         
   13 00000008 E7FE    stop    b                stop
   14 0000000A                 END
              00 00 00000000 
              80000000 
Command Line: --debug --xref --cpu=Cortex-M0 --apcs=interwork --depend=arithmet
ic_shift_right.d -oarithmetic_shift_right.o -IC:\Keil\ARM\RV31\Inc -IC:\Keil\AR
M\CMSIS\Include -IC:\Keil\ARM\Inc\Nuvoton\NUC1xx --predefine="__EVAL SETA 1" --
list=arithmetic_shift_right.lst arithmetic_shift_right.asm



ARM Macro Assembler    Page 1 Alphabetic symbol ordering
Relocatable symbols

.text 00000000

Symbol: .text
   Definitions
      At line 3 in file arithmetic_shift_right.asm
   Uses
      None
Comment: .text unused
__main 00000000

Symbol: __main
   Definitions
      At line 6 in file arithmetic_shift_right.asm
   Uses
      At line 4 in file arithmetic_shift_right.asm
Comment: __main used once
stop 00000008

Symbol: stop
   Definitions
      At line 13 in file arithmetic_shift_right.asm
   Uses
      At line 13 in file arithmetic_shift_right.asm
Comment: stop used once
3 symbols
336 symbols in table
