


ARM Macro Assembler    Page 1 


    1 00000000                 PRESERVE8
    2 00000000                 THUMB
    3 00000000                 AREA             |.text|,CODE,READONLY
    4 00000000                 EXPORT           __main
    5 00000000         
    6 00000000         __main
    7 00000000         
    8 00000000 4803            ldr              r0,=0x20000000
    9 00000002 4904            ldr              r1,=0x20000040
   10 00000004 4A04            ldr              r2,=10
   11 00000006         
   12 00000006         copy_loop
   13 00000006 1E52            subs             r2,r2,#1
   14 00000008 5C84            ldrb             r4,[r0,r2]
   15 0000000A 548C            strb             r4,[r1,r2]
   16 0000000C D1FB            bne              copy_loop
   17 0000000E         
   18 0000000E E7FE    stop    b                stop
   19 00000010                 END
              20000000 
              20000040 
              0000000A 
Command Line: --debug --xref --cpu=Cortex-M0 --apcs=interwork --depend=optimise
d_store_register.d -ooptimised_store_register.o -IC:\Keil\ARM\RV31\Inc -IC:\Kei
l\ARM\CMSIS\Include -IC:\Keil\ARM\Inc\Nuvoton\NUC1xx --predefine="__EVAL SETA 1
" --list=optimised_store_register.lst optimised_store_register.s



ARM Macro Assembler    Page 1 Alphabetic symbol ordering
Relocatable symbols

.text 00000000

Symbol: .text
   Definitions
      At line 3 in file optimised_store_register.s
   Uses
      None
Comment: .text unused
__main 00000000

Symbol: __main
   Definitions
      At line 6 in file optimised_store_register.s
   Uses
      At line 4 in file optimised_store_register.s
Comment: __main used once
copy_loop 00000006

Symbol: copy_loop
   Definitions
      At line 12 in file optimised_store_register.s
   Uses
      At line 16 in file optimised_store_register.s
Comment: copy_loop used once
stop 0000000E

Symbol: stop
   Definitions
      At line 18 in file optimised_store_register.s
   Uses
      At line 18 in file optimised_store_register.s
Comment: stop used once
4 symbols
337 symbols in table
