


ARM Macro Assembler    Page 1 


    1 00000000                 PRESERVE8
    2 00000000                 THUMB
    3 00000000                 AREA             |.text|,CODE,READONLY
    4 00000000                 EXPORT           __main
    5 00000000         
    6 00000000         __main
    7 00000000         
    8 00000000 4804            ldr              r0,=0x20000000
    9 00000002 4905            ldr              r1,=0x20000040
   10 00000004 4A05            ldr              r2,=10
   11 00000006         
   12 00000006         copy_loop
   13 00000006 7803            ldrb             r3,[r0]
   14 00000008 1C40            adds             r0,r0,#1
   15 0000000A 700B            strb             r3,[r1]
   16 0000000C 1C49            adds             r1,r1,#1
   17 0000000E 1E52            subs             r2,r2,#1
   18 00000010 D1F9            BNE              copy_loop
   19 00000012         
   20 00000012 E7FE    stop    B                stop
   21 00000014                 END
              20000000 
              20000040 
              0000000A 
Command Line: --debug --xref --cpu=Cortex-M0 --apcs=interwork --depend=register
.d -oregister.o -IC:\Keil\ARM\RV31\Inc -IC:\Keil\ARM\CMSIS\Include -IC:\Keil\AR
M\Inc\Nuvoton\NUC1xx --predefine="__EVAL SETA 1" --list=register.lst register.a
sm



ARM Macro Assembler    Page 1 Alphabetic symbol ordering
Relocatable symbols

.text 00000000

Symbol: .text
   Definitions
      At line 3 in file register.asm
   Uses
      None
Comment: .text unused
__main 00000000

Symbol: __main
   Definitions
      At line 6 in file register.asm
   Uses
      At line 4 in file register.asm
Comment: __main used once
copy_loop 00000006

Symbol: copy_loop
   Definitions
      At line 12 in file register.asm
   Uses
      At line 18 in file register.asm
Comment: copy_loop used once
stop 00000012

Symbol: stop
   Definitions
      At line 20 in file register.asm
   Uses
      At line 20 in file register.asm
Comment: stop used once
4 symbols
337 symbols in table
