


ARM Macro Assembler    Page 1 


    1 00000000                 PRESERVE8
    2 00000000                 THUMB
    3 00000000                 AREA             |.text|,CODE,READONLY
    4 00000000                 EXPORT           __main
    5 00000000         
    6 00000000         __main
    7 00000000 4802            ldr              r0,=0x80000001
    8 00000002 0FC2            lsrs             r2,r0,#31
    9 00000004 4801            ldr              r0,=0x80000001
   10 00000006 0F81            lsrs             r1,r0,#30
   11 00000008 E7FE    stop    b                stop
   12 0000000A                 end
              00 00 80000001 
Command Line: --debug --xref --cpu=Cortex-M0 --apcs=interwork --depend=right_sh
ift.d -oright_shift.o -IC:\Keil\ARM\RV31\Inc -IC:\Keil\ARM\CMSIS\Include -IC:\K
eil\ARM\Inc\Nuvoton\NUC1xx --predefine="__EVAL SETA 1" --list=right_shift.lst r
ight_shift.asm



ARM Macro Assembler    Page 1 Alphabetic symbol ordering
Relocatable symbols

.text 00000000

Symbol: .text
   Definitions
      At line 3 in file right_shift.asm
   Uses
      None
Comment: .text unused
__main 00000000

Symbol: __main
   Definitions
      At line 6 in file right_shift.asm
   Uses
      At line 4 in file right_shift.asm
Comment: __main used once
stop 00000008

Symbol: stop
   Definitions
      At line 11 in file right_shift.asm
   Uses
      At line 11 in file right_shift.asm
Comment: stop used once
3 symbols
336 symbols in table
