


ARM Macro Assembler    Page 1 


    1 00000000                 PRESERVE8
    2 00000000                 THUMB
    3 00000000                 AREA             |.text|,CODE,READONLY
    4 00000000                 EXPORT           __main
    5 00000000         
    6 00000000         __main
    7 00000000 4803            ldr              r0,=0x80000001
    8 00000002 221F            movs             r2,#31
    9 00000004 41D0            rors             r0,r2
   10 00000006 4902            ldr              r1,=0x80000001
   11 00000008 221E            movs             r2,#30
   12 0000000A 41D1            rors             r1,r2
   13 0000000C E7FE    stop    b                stop
   14 0000000E                 end
              00 00 80000001 
Command Line: --debug --xref --cpu=Cortex-M0 --apcs=interwork --depend=right_ro
tate_shift.d -oright_rotate_shift.o -IC:\Keil\ARM\RV31\Inc -IC:\Keil\ARM\CMSIS\
Include -IC:\Keil\ARM\Inc\Nuvoton\NUC1xx --predefine="__EVAL SETA 1" --list=rig
ht_rotate_shift.lst right_rotate_shift.asm



ARM Macro Assembler    Page 1 Alphabetic symbol ordering
Relocatable symbols

.text 00000000

Symbol: .text
   Definitions
      At line 3 in file right_rotate_shift.asm
   Uses
      None
Comment: .text unused
__main 00000000

Symbol: __main
   Definitions
      At line 6 in file right_rotate_shift.asm
   Uses
      At line 4 in file right_rotate_shift.asm
Comment: __main used once
stop 0000000C

Symbol: stop
   Definitions
      At line 13 in file right_rotate_shift.asm
   Uses
      At line 13 in file right_rotate_shift.asm
Comment: stop used once
3 symbols
336 symbols in table
